
[1;32mUpdated OpenBenchmarking.org Repository Index[0m
[1;32mpts: 557 Distinct Tests, 2519 Test Versions, 57 Suites[0m
[1;32mUpdated OpenBenchmarking.org Repository Index[0m
[1;32msystem: 48 Distinct Tests, 147 Test Versions[0m
[1;32mUpdated OpenBenchmarking.org Repository Index[0m
[1;32mgit: 9 Distinct Tests, 12 Test Versions[0m

        [1;31mpts/dragonflydb-1.1.0 is not supported on this architecture: riscv64[0m

        [1;31mpts/clickhouse-1.2.0 is not supported on this architecture: riscv64[0m

        [1;31mpts/cockroach-1.0.2 is not supported on this architecture: riscv64[0m

        [1;31mpts/yugabytedb-1.0.0 is not supported on this architecture: riscv64[0m
    Evaluating External Test Dependencies .............................................................................
    Evaluating System Dependencies ....................................................................................

The following dependencies are needed and will be installed: 

- tcl
- tclsh
- golang
- libevent-dev
- libpcre3-dev
- libsnappy-dev
- nasm
- libgflags-dev
- mesa-utils
- vulkan-tools
- unzip
- apt-file

This process may take several minutes.

There are dependencies still missing from the system:
- GFlags
- Go Language
- Libevent
- Nasm Assembler
- Perl Compatible Regular Expressions
- Snappy Compression
- Tool Command Language

[1m1: [0mIgnore missing dependencies and proceed with installation.
[1m2: [0mSkip installing the tests with missing dependencies.
[1m3: [0mRe-attempt to install the missing dependencies.
[1m4: [0mQuit the current Phoronix Test Suite process.

The following dependencies are needed and will be installed: 

- tcl
- tclsh
- golang
- libevent-dev
- libpcre3-dev
- libsnappy-dev
- nasm
- libgflags-dev

This process may take several minutes.

[1;32mPhoronix Test Suite v10.8.4[0m
[1;32m[0m
    [1mTo Install:[0m    pts/sqlite-2.1.0
    [1mTo Install:[0m    pts/sqlite-speedtest-1.0.1
    [1mTo Install:[0m    pts/etcd-1.0.0
    [1mTo Install:[0m    pts/redis-1.4.0
    [1mTo Install:[0m    pts/valkey-1.0.0
    [1mTo Install:[0m    pts/memcached-1.2.0
    [1mTo Install:[0m    pts/memtier-benchmark-1.5.0
    [1mTo Install:[0m    pts/keydb-1.4.0
    [1mTo Install:[0m    pts/leveldb-1.1.0
    [1mTo Install:[0m    pts/hbase-1.1.0
    [1mTo Install:[0m    pts/rocksdb-1.6.0
    [1mTo Install:[0m    pts/cassandra-1.3.0
    [1mTo Install:[0m    pts/pgbench-1.15.0
    [1mTo Install:[0m    pts/mysqlslap-1.5.0
    [1mTo Install:[0m    pts/mariadb-1.0.0
    [1mTo Install:[0m    pts/couchdb-1.4.1
    [1mTo Install:[0m    pts/influxdb-1.0.2
    [1mTo Install:[0m    pts/spark-1.0.1
    [1mTo Install:[0m    pts/apache-iotdb-1.2.0
    [1mTo Install:[0m    pts/hadoop-1.0.0
    [1mTo Install:[0m    pts/duckdb-1.1.0
    [1mTo Install:[0m    pts/spark-tpch-1.0.0
    [1mTo Install:[0m    pts/spark-tpcds-1.0.0
    [1mTo Install:[0m    pts/scylladb-1.0.0
    [1mTo Install:[0m    pts/speedb-1.0.1

    Determining File Requirements .....................................................................................
    Searching Download Caches .........................................................................................

    25 Tests To Install
        34 Files To Download [2715MB]
        91623MB Of Disk Space Is Needed
        1 Hour, 18 Minutes, 4 Seconds Estimated Install Time

    [1;36mpts/sqlite-2.1.0[0m:
        Test Installation 1 of 25
        2 Files Needed [2.76 MB / 1 Minute]
        [1mDownloading[0m: sqlite-autoconf-3300100.tar.gz                                                            [2.72MB]
        Estimated Download Time: 1m ..................................................................................        [1mDownloading[0m: pts-sqlite-tests-1.tar.gz                                                                 [0.04MB]
            [1;31mDownload Failed: http://www.phoronix.net/downloads/phoronix-test-suite/benchmark-files/pts-sqlite-tests-1.tar.gz[0m
            [1;31mAttempting to download from alternate mirror.[0m
        [1mDownloading[0m: pts-sqlite-tests-1.tar.gz                                                                 [0.04MB]
        Estimated Download Time: 1m .................................................................................        [1mApproximate Install Size: [0m22 MB
        [1mEstimated Install Time: [0m2 Minutes, 30 Seconds
        Installing Test @ 02:57:50

    [1;36mpts/sqlite-speedtest-1.0.1[0m:
        Test Installation 2 of 25
        1 File Needed [10.64 MB / 1 Minute]
        [1mDownloading[0m: sqlite-330-for-speedtest.tar.gz                                                          [10.64MB]
        Estimated Download Time: 1m ..................................................................................        [1mApproximate Install Size: [0m128 MB
        [1mEstimated Install Time: [0m1 Minute, 13 Seconds
        Installing Test @ 03:13:02
            [1;31mThe installer exited with a non-zero exit status.[0m
            [1;31mERROR: cat: write error: Broken pipe[0m
            [1;31mLOG: ~/.phoronix-test-suite/installed-tests/pts/sqlite-speedtest-1.0.1/install-failed.log
[0m
    [1;36mpts/etcd-1.0.0[0m:
        Test Installation 3 of 25
        1 File Needed [3.85 MB / 1 Minute]
        [1mDownloading[0m: etcd-3.5.4.tar.gz                                                                         [3.85MB]
        Estimated Download Time: 1m ...................................................................................
        [1mApproximate Install Size: [0m2500 MB
        [1mEstimated Install Time: [0m34 Seconds
        Installing Test @ 03:13:56

    [1;36mpts/redis-1.4.0[0m:
        Test Installation 4 of 25
        1 File Needed [2.83 MB / 1 Minute]
        [1mDownloading[0m: redis-7.0.4.tar.gz                                                                        [2.83MB]
        Estimated Download Time: 1m ..................................................................................        [1mApproximate Install Size: [0m64 MB
        [1mEstimated Install Time: [0m7 Minutes, 5 Seconds
        Installing Test @ 03:14:39

    [1;36mpts/valkey-1.0.0[0m:
        Test Installation 5 of 25
        1 File Needed [3.46 MB / 1 Minute]
        [1mDownloading[0m: valkey-8.0.0.tar.gz                                                                       [3.46MB]
        Estimated Download Time: 1m ...................................................................................
        [1mApproximate Install Size: [0m88 MB
        [1mEstimated Install Time: [0m1 Minute, 55 Seconds
        Installing Test @ 03:21:05

    [1;36mpts/memcached-1.2.0[0m:
        Test Installation 6 of 25
        2 Files Needed [2.78 MB / 1 Minute]
        [1mDownloading[0m: memcached-1.6.19.tar.gz                                                                   [2.48MB]
        Estimated Download Time: 1m ..................................................................................        [1mDownloading[0m: memtier_benchmark-1.4.0.tar.gz                                                            [0.30MB]
        Estimated Download Time: 1m ...................................................................................
        [1mApproximate Install Size: [0m64 MB
        [1mEstimated Install Time: [0m45 Seconds
        Installing Test @ 03:30:02
            [1;31mThe installer exited with a non-zero exit status.[0m
            [1;31mERROR: libevent is required.  You can get it from https://www.monkey.org/~provos/libevent/[0m
            [1;31m[3mInstalling the package 'libevent-dev' might fix this error.[0m[0m
            [1;31mLOG: ~/.phoronix-test-suite/installed-tests/pts/memcached-1.2.0/install-failed.log
[0m
    [1;36mpts/memtier-benchmark-1.5.0[0m:
        Test Installation 7 of 25
        2 Files Needed [3.16 MB / 1 Minute]
        [1mDownloading[0m: redis-7.0.12.tar.gz                                                                       [2.85MB]
        Estimated Download Time: 1m ..................................................................................        [1mDownloading[0m: memtier_benchmark-2.0.0.tar.gz                                                            [0.31MB]
        Estimated Download Time: 1m ...................................................................................
        [1mApproximate Install Size: [0m64 MB
        [1mEstimated Install Time: [0m1 Minute, 41 Seconds
        Installing Test @ 03:30:54
            [1;31mThe installer exited with a non-zero exit status.[0m
            [1;31mERROR: Package requirements (libevent_openssl >= 2.0.10) were not met:[0m
            [1;31mLOG: ~/.phoronix-test-suite/installed-tests/pts/memtier-benchmark-1.5.0/install-failed.log
[0m
    [1;36mpts/keydb-1.4.0[0m:
        Test Installation 8 of 25
        1 File Needed [11 MB / 1 Minute]
        [1mDownloading[0m: KeyDB-6.3.2.tar.gz                                                                       [11.00MB]
        [1mApproximate Install Size: [0m1600 MB
        [1mEstimated Install Time: [0m3 Minutes, 41 Seconds
        Installing Test @ 03:37:51
            [1;31mThe installer exited with a non-zero exit status.[0m
            [1;31mERROR: Missing Header File: curl/curl.h[0m
            [1;31mLOG: ~/.phoronix-test-suite/installed-tests/pts/keydb-1.4.0/install-failed.log
[0m
    [1;36mpts/leveldb-1.1.0[0m:
        Test Installation 9 of 25
        1 File Needed [0.23 MB / 1 Minute]
        [1mDownloading[0m: leveldb-1.23.tar.gz                                                                       [0.23MB]
        [1mApproximate Install Size: [0m18 MB
        [1mEstimated Install Time: [0m10 Seconds
        Installing Test @ 03:46:07
            [1;31mThe installer exited with a non-zero exit status.[0m
            [1;31mERROR: Missing Header File: gmock/gmock.h[0m
            [1;31mLOG: ~/.phoronix-test-suite/installed-tests/pts/leveldb-1.1.0/install-failed.log
[0m
    [1;36mpts/hbase-1.1.0[0m:
        Test Installation 10 of 25
        1 File Needed [300 MB / 3 Minutes]
        [1mDownloading[0m: hbase-2.5.0-bin.tar.gz                                                                     [300MB]
            [1;31mDownload Failed: https://dlcdn.apache.org/hbase/2.5.0/hbase-2.5.0-bin.tar.gz[0m
            [1;31mAttempting to download from alternate mirror.[0m
        [1mDownloading[0m: hbase-2.5.0-bin.tar.gz                                                                     [300MB]
        Estimated Download Time: 3m ...................................................................................
        [1mApproximate Install Size: [0m2100 MB
        [1mEstimated Install Time: [0m5 Seconds
        Installing Test @ 03:48:11

    [1;36mpts/rocksdb-1.6.0[0m:
        Test Installation 11 of 25
        1 File Needed [12.75 MB / 1 Minute]
        [1mDownloading[0m: rocksdb-9.0.0.tar.gz                                                                     [12.75MB]
        Estimated Download Time: 1m ...................................................................................
        [1mApproximate Install Size: [0m740 MB
        [1mEstimated Install Time: [0m5 Minutes, 58 Seconds
        Installing Test @ 03:48:41
            [1;31mThe installer exited with a non-zero exit status.[0m
            [1;31mERROR: g++: error: '-march=native': ISA string must begin with rv32 or rv64[0m
            [1;31mLOG: ~/.phoronix-test-suite/installed-tests/pts/rocksdb-1.6.0/install-failed.log
[0m
    [1;36mpts/cassandra-1.3.0[0m:
        Test Installation 12 of 25
        1 File Needed [67.04 MB / 1 Minute]
        [1mDownloading[0m: apache-cassandra-5.0.0-bin.tar.gz                                                        [67.04MB]
        Estimated Download Time: 1m ..................................................................................        [1mApproximate Install Size: [0m2100 MB
        [1mEstimated Install Time: [0m3 Seconds
        Installing Test @ 03:49:35

    [1;36mpts/pgbench-1.15.0[0m:
        Test Installation 13 of 25
        1 File Needed [20.43 MB / 1 Minute]
        [1mDownloading[0m: postgresql-17.0.tar.bz2                                                                  [20.43MB]
        Estimated Download Time: 1m ..................................................................................        [1mApproximate Install Size: [0m1500 MB
        [1mEstimated Install Time: [0m53 Seconds
        Installing Test @ 03:50:21

    [1;36mpts/mysqlslap-1.5.0[0m:
        Test Installation 14 of 25
        2 Files Needed [128 MB / 2 Minutes]
        [1mDownloading[0m: mariadb-11.5.0.tar.gz                                                                      [103MB]
        Estimated Download Time: 1m ...................................................................................
        [1mDownloading[0m: employees_db-full-1.0.6.tar.bz2                                                          [25.48MB]
        Estimated Download Time: 1m ..................................................................................        [1mApproximate Install Size: [0m2200 MB
        [1mEstimated Install Time: [0m7 Minutes, 6 Seconds
        Installing Test @ 03:57:02

    [1;36mpts/mariadb-1.0.0[0m:
        Test Installation 15 of 25
        1 File Needed [103 MB / 1 Minute]
        [1mCopying From Cache[0m: mariadb-11.5.0.tar.gz                                                               [103MB]
        [1mApproximate Install Size: [0m6900 MB
        [1mEstimated Install Time: [0m5 Minutes, 32 Seconds
        Installing Test @ 04:13:58
            [1;31mThe installer exited with a non-zero exit status.[0m
            [1;31mERROR: troff: fatal error: can't find macro file m[0m
            [1;31mLOG: ~/.phoronix-test-suite/installed-tests/pts/mariadb-1.0.0/install-failed.log
[0m
    [1;36mpts/couchdb-1.4.1[0m:
        Test Installation 16 of 25
        3 Files Needed [115 MB / 2 Minutes]
        [1mDownloading[0m: apache-couchdb-3.4.1.tar.gz                                                              [18.34MB]
        Estimated Download Time: 1m ...................................................................................
        [1mDownloading[0m: apache-couchdb-benchbulk-1.tar.xz                                                         [0.00MB]
        Estimated Download Time: 1m ................        [1mDownloading[0m: otp_src_27.1.tar.gz                                                                      [96.59MB]
        Estimated Download Time: 1m ...................................................................................
        [1mApproximate Install Size: [0m1400 MB
        [1mEstimated Install Time: [0m3 Minutes, 24 Seconds
        Installing Test @ 04:32:16

    [1;36mpts/influxdb-1.0.2[0m:
        Test Installation 17 of 25
        [1mApproximate Install Size: [0m183 MB
        [1mEstimated Install Time: [0m13 Seconds
        Installing Test @ 04:49:41
            [1;31mThe installer exited with a non-zero exit status.[0m
            [1;31mLOG: ~/.phoronix-test-suite/installed-tests/pts/influxdb-1.0.2/install-failed.log
[0m
    [1;36mpts/spark-1.0.1[0m:
        Test Installation 18 of 25
        2 Files Needed [571 MB / 5 Minutes]
        [1mDownloading[0m: spark-3.3.0-bin-hadoop3.tgz                                                                [286MB]
        Estimated Download Time: 3m ...................................................................................
        [1mDownloading[0m: pyspark-benchmark-3bbf3e521763517bc9aa73504dd66a5bdeb5b6af.zip                             [286MB]
        Estimated Download Time: 3m ...................................................................................
        [1mApproximate Install Size: [0m2100 MB
        [1mEstimated Install Time: [0m4 Seconds
        Installing Test @ 04:50:40

    [1;36mpts/apache-iotdb-1.2.0[0m:
        Test Installation 19 of 25
        1 File Needed [46.44 MB / 1 Minute]
        [1mDownloading[0m: benchmark-iotdb-1.1-java8-38f4a448.zip                                                   [46.44MB]
        Estimated Download Time: 1m ..................................................................................        [1mApproximate Install Size: [0m312 MB
        [1mEstimated Install Time: [0m3 Seconds
        Installing Test @ 04:51:33

    [1;36mpts/hadoop-1.0.0[0m:
        Test Installation 20 of 25
        [1mApproximate Install Size: [0m2100 MB
        [1mEstimated Install Time: [0m12 Seconds
        Installing Test @ 04:51:54

    [1;36mpts/duckdb-1.1.0[0m:
        Test Installation 21 of 25
        1 File Needed [76.38 MB / 1 Minute]
        [1mDownloading[0m: duckdb-1.0.0.tar.gz                                                                      [76.38MB]
        Estimated Download Time: 1m ...................................................................................
        [1mApproximate Install Size: [0m7600 MB
        [1mEstimated Install Time: [0m27 Minutes, 37 Seconds
        Installing Test @ 04:52:26

    [1;36mpts/spark-tpch-1.0.0[0m:
        Test Installation 22 of 25
        3 Files Needed [429 MB / 1 Minute]
        [1mDownloading[0m: spark-3.5.0-bin-hadoop3.tgz                                                                [382MB]
        Estimated Download Time: 1m ...................................................................................
        [1mDownloading[0m: tpch-spark-7d64aa57368f092969a855fdd10781c00813c9c4.zip                                   [1.63MB]
        Estimated Download Time: 1m ...................................................................................
        [1mDownloading[0m: sbt-1.9.7.zip                                                                            [44.97MB]
        Estimated Download Time: 1m ...................................................................................
        [1mApproximate Install Size: [0m5000 MB
        [1mEstimated Install Time: [0m1 Minute, 29 Seconds
        Installing Test @ 16:31:07
            [1;31mThe installer exited with a non-zero exit status.[0m
            [1;31mERROR: error: scala.reflect.internal.FatalError:[0m
            [1;31mLOG: ~/.phoronix-test-suite/installed-tests/pts/spark-tpch-1.0.0/install-failed.log
[0m
    [1;36mpts/spark-tpcds-1.0.0[0m:
        Test Installation 23 of 25
        3 Files Needed [741 MB / 2 Minutes]
        Test Profile Status: [1mExperimental[0m
        [1mCopying From Cache[0m: spark-3.5.0-bin-hadoop3.tgz                                                         [382MB]
        [1mDownloading[0m: tpcds-kit-1b7fb7529edae091684201fab142d956d6afd881.zip                                    [5.02MB]
        Estimated Download Time: 1m ...................................................................................
        [1mDownloading[0m: spark-tpc-ds-performance-test-e01345571d8dc1f746bbbfc306d7578d24c87907.zip                 [354MB]
        [1mApproximate Install Size: [0m50000 MB
        [1mEstimated Install Time: [0m24 Seconds
        Installing Test @ 16:36:06
            [1;31mThe installer exited with a non-zero exit status.[0m
            [1;31mERROR: date.c:566:1: error: type of 'nDistribution' defaults to 'int' [-Wimplicit-int][0m
            [1;31mLOG: ~/.phoronix-test-suite/installed-tests/pts/spark-tpcds-1.0.0/install-failed.log
[0m
    [1;36mpts/scylladb-1.0.0[0m:
        Test Installation 24 of 25
        1 File Needed [47.64 MB / 1 Minute]
        [1mDownloading[0m: apache-cassandra-4.1.3-bin.tar.gz                                                        [47.64MB]
        Estimated Download Time: 1m ..................................................................................        [1mApproximate Install Size: [0m2100 MB
        [1mEstimated Install Time: [0m8 Seconds
        Installing Test @ 16:39:29
            [1;31mThe installer exited with a non-zero exit status.[0m
            [1;31mLOG: ~/.phoronix-test-suite/installed-tests/pts/scylladb-1.0.0/install-failed.log
[0m
    [1;36mpts/speedb-1.0.1[0m:
        Test Installation 25 of 25
        1 File Needed [18.38 MB / 1 Minute]
        [1mDownloading[0m: speedb-speedb-v2.7.0.tar.gz                                                              [18.38MB]
        Estimated Download Time: 1m ...................................................................................
        [1mApproximate Install Size: [0m740 MB
        [1mEstimated Install Time: [0m5 Minutes, 19 Seconds
        Installing Test @ 16:39:53
            [1;31mThe installer exited with a non-zero exit status.[0m
            [1;31mERROR: g++: error: '-march=native': ISA string must begin with rv32 or rv64[0m
            [1;31mLOG: ~/.phoronix-test-suite/installed-tests/pts/speedb-1.0.1/install-failed.log
[0m

The following tests failed to install:

  - pts/sqlite-speedtest-1.0.1
    [cat: write error: Broken pipe]
  - pts/memcached-1.2.0
    [libevent is required.  You can get it from https://www.monkey.org/~provos/libevent/]
  - pts/memtier-benchmark-1.5.0
    [Package requirements (libevent_openssl >= 2.0.10) were not met:]
  - pts/keydb-1.4.0
    [Missing Header File: curl/curl.h]
  - pts/leveldb-1.1.0
    [Missing Header File: gmock/gmock.h]
  - pts/rocksdb-1.6.0
    [g++: error: '-march=native': ISA string must begin with rv32 or rv64]
  - pts/mariadb-1.0.0
    [troff: fatal error: can't find macro file m]
  - pts/influxdb-1.0.2
  - pts/spark-tpch-1.0.0
    [error: scala.reflect.internal.FatalError:]
  - pts/spark-tpcds-1.0.0
    [date.c:566:1: error: type of 'nDistribution' defaults to 'int' [-Wimplicit-int]]
  - pts/scylladb-1.0.0
  - pts/speedb-1.0.1
    [g++: error: '-march=native': ISA string must begin with rv32 or rv64]


Multiple tests are not installed:

- pts/sqlite-speedtest-1.0.1
- pts/memcached-1.2.0
- pts/memtier-benchmark-1.5.0
- pts/keydb-1.4.0
- pts/leveldb-1.1.0
- pts/rocksdb-1.6.0
- pts/mariadb-1.0.0
- pts/influxdb-1.0.2
- pts/spark-tpch-1.0.0
- pts/spark-tpcds-1.0.0
- pts/scylladb-1.0.0
- pts/speedb-1.0.1

        [1;31mThe test executable for [1mpts/memcached-1.2.0[0m could not be located. Looking for [1mmemcached[0m in [3m/home/debian/.phoronix-test-suite/installed-tests/pts/memcached-1.2.0/[0m[0m

        [1;31mpts/dragonflydb-1.1.0 is not supported on this architecture: riscv64[0m

        [1;31mThe test executable for [1mpts/influxdb-1.0.2[0m could not be located. Looking for [1minfluxdb[0m in [3m/home/debian/.phoronix-test-suite/installed-tests/pts/influxdb-1.0.2/[0m[0m

        [1;31mpts/clickhouse-1.2.0 is not supported on this architecture: riscv64[0m

        [1;31mpts/cockroach-1.0.2 is not supported on this architecture: riscv64[0m

        [1;31mpts/yugabytedb-1.0.0 is not supported on this architecture: riscv64[0m

        [1;31mThe test executable for [1mpts/spark-tpcds-1.0.0[0m could not be located. Looking for [1mspark-tpcds[0m in [3m/home/debian/.phoronix-test-suite/installed-tests/pts/spark-tpcds-1.0.0/[0m[0m

        [1;31mThe test executable for [1mpts/scylladb-1.0.0[0m could not be located. Looking for [1mscylladb[0m in [3m/home/debian/.phoronix-test-suite/installed-tests/pts/scylladb-1.0.0/[0m[0m

[1;32mSystem Information[0m


  [1;30mPROCESSOR[0m:              [1;32mrv64imafdc_zicntr_zicsr_zifencei_zihpm_xtheadvector[0m
    [1mCore Count[0m:           64               

  [1;30mGRAPHICS[0m:               [1;32mradeondrmfb[0m
    [1mScreen[0m:               1920x1080        

  [1;30mMOTHERBOARD[0m:            [1;32mSophgo Mango[0m

  [1;30mMEMORY[0m:                 [1;32m128GB[0m

  [1;30mDISK[0m:                   [1;32m1024GB FORESEE XP1000F001T[0m
    [1mFile-System[0m:          ext4             
    [1mMount Options[0m:        noatime rw       
    [1mDisk Scheduler[0m:       MQ-DEADLINE      
    [1mDisk Details[0m:         Block Size: 4096 

  [1;30mOPERATING SYSTEM[0m:       [1;32mDebian GNU/Linux trixie/sid[0m
    [1mKernel[0m:               6.6.56-pioneer (riscv64)  
    [1mDisplay Server[0m:       X Server 1.21.1.14        
    [1mCompiler[0m:             GCC 14.2.0 + Clang 19.1.5 

    [1mWould you like to save these test results (Y/n): [0m
    [1mRecently Saved Test Results:[0m
       2312207-NE-2312106NE29   [3 days old]
       2503058-NE-HIFIVEPRE63   [3 days old]
       2206040-NE-RISCVSIFI55   [4 days old]
       test                     [4 days old]

